\BOOKMARK [0][-]{chapter.1}{Preliminares}{}% 1
\BOOKMARK [1][-]{section.1.1}{Planteamiento y formulaci\363n del problema}{chapter.1}% 2
\BOOKMARK [1][-]{section.1.2}{Objetivos}{chapter.1}% 3
\BOOKMARK [2][-]{subsection.1.2.1}{Objetivo general}{section.1.2}% 4
\BOOKMARK [2][-]{subsection.1.2.2}{Objetivos espec\355ficos}{section.1.2}% 5
\BOOKMARK [1][-]{section.1.3}{Aportes de la investigaci\363n}{chapter.1}% 6
\BOOKMARK [0][-]{chapter.2}{Fundamentos te\363ricos}{}% 7
\BOOKMARK [1][-]{section.2.1}{Antecedentes}{chapter.2}% 8
\BOOKMARK [1][-]{section.2.2}{Bases Te\363ricas}{chapter.2}% 9
\BOOKMARK [2][-]{subsection.2.2.1}{Python}{section.2.2}% 10
\BOOKMARK [2][-]{subsection.2.2.2}{PyCharm}{section.2.2}% 11
\BOOKMARK [2][-]{subsection.2.2.3}{Regresi\363n espacial}{section.2.2}% 12
\BOOKMARK [2][-]{subsection.2.2.4}{Probabilidad condicional}{section.2.2}% 13
\BOOKMARK [2][-]{subsection.2.2.5}{Teorema de Bayes}{section.2.2}% 14
\BOOKMARK [2][-]{subsection.2.2.6}{Inferencia Bayesiana}{section.2.2}% 15
\BOOKMARK [2][-]{subsection.2.2.7}{Clasificador Bayes Naive}{section.2.2}% 16
\BOOKMARK [2][-]{subsection.2.2.8}{Bayes Naive Bernoulli}{section.2.2}% 17
\BOOKMARK [2][-]{subsection.2.2.9}{Bayes Naive Multinomial}{section.2.2}% 18
\BOOKMARK [2][-]{subsection.2.2.10}{Bayes Naive Gaussiano}{section.2.2}% 19
\BOOKMARK [2][-]{subsection.2.2.11}{Curva caracter\355stica operativa del receptor}{section.2.2}% 20
\BOOKMARK [2][-]{subsection.2.2.12}{Glosario}{section.2.2}% 21
\BOOKMARK [0][-]{chapter.3}{Fundamentos metodol\363gicos}{}% 22
\BOOKMARK [1][-]{section.3.1}{Enfoque de la investigaci\363n}{chapter.3}% 23
\BOOKMARK [1][-]{section.3.2}{Tipo o nivel de investigaci\363n}{chapter.3}% 24
\BOOKMARK [1][-]{section.3.3}{Dise\361o de la investigaci\363n}{chapter.3}% 25
\BOOKMARK [1][-]{section.3.4}{Metodolog\355a}{chapter.3}% 26
\BOOKMARK [0][-]{chapter.4}{Desarrollo}{}% 27
\BOOKMARK [1][-]{section.4.1}{Comprensi\363n de datos}{chapter.4}% 28
\BOOKMARK [1][-]{section.4.2}{Preparaci\363n de datos}{chapter.4}% 29
\BOOKMARK [1][-]{section.4.3}{Modelado}{chapter.4}% 30
\BOOKMARK [1][-]{section.4.4}{Evaluaci\363n}{chapter.4}% 31
\BOOKMARK [0][-]{chapter.5}{Conclusiones y recomendaciones}{}% 32
